<?xml version="1.0" encoding="UTF-8" ?>
<testsuite tests="6" failures="0" name="com.exercises.StringUtilsTest" time="0.01" errors="0" skipped="0">
  <properties>
[...]
</properties>
  <testcase classname="com.exercises.StringUtilsTest" name="testExceptionWithNullValues" time="0.01"/>
  <testcase classname="com.exercises.StringUtilsTest" name="test[0: Test1, Test1, 0]" time="0"/>
  <testcase classname="com.exercises.StringUtilsTest" name="test[1: Test1, AAAAA, 5]" time="0"/>
  <testcase classname="com.exercises.StringUtilsTest" name="test[2: D23W8MCCIZQOP9, D236862CEZQOPS, 5]" time="0"/>
  <testcase classname="com.exercises.StringUtilsTest" name="test[3: 11111, 22221, 4]" time="0"/>
  <testcase classname="com.exercises.StringUtilsTest" name="testExceptionWithDifferentLengths" time="0"/>
</testsuite>